{:Far 0.95 :Sample 512 :dump False :file ../etc/data/auto93.csv :go all :help False :min 0.5 :p 2 :seed 937162211}
✅ pass: the
✅ pass: sym
✅ pass: num
✅ pass: data
✅ pass: clone
0  0  {8 304 193 4732 18.5 70 1 10}
50  0.17 {8 318 150 4457 13.5 74 1 10}
100  0.28 {6 232 100 2901 16 74 1 20}
150  0.38 {8 351 142 4054 14.3 79 1 20}
200  0.55 {4 122 96 2300 15.5 77 1 30}
250  0.68 {4 119 82 2720 19.4 82 1 30}
300  0.71 {4 119 97 2545 17 75 3 20}
350  0.79 {4 146 67 3250 21.8 80 2 30}
✅ pass: around
199   199   398
{4 90 71 2223 16.5 75 2 30}     0.7598408703241211
{4 120 79 2625 18.6 82 1 30}
{8 400 180 4220 11.1 77 1 20}
✅ pass: half
398  {:Acc+ 15.6 :Lbs- 2970.4 :Mpg+ 23.8}
| 199  
| | 99  
| | | 49  
| | | | 24  {:Acc+ 14.1 :Lbs- 3907.7 :Mpg+ 20.0}
| | | | 25  {:Acc+ 12.3 :Lbs- 4383.2 :Mpg+ 12.8}
| | | 50  
| | | | 25  {:Acc+ 13.2 :Lbs- 4065.0 :Mpg+ 13.2}
| | | | 25  {:Acc+ 12.0 :Lbs- 4189.3 :Mpg+ 13.2}
| | 100  
| | | 50  
| | | | 25  {:Acc+ 16.3 :Lbs- 3072.0 :Mpg+ 22.4}
| | | | 25  {:Acc+ 16.4 :Lbs- 2742.0 :Mpg+ 28.4}
| | | 50  
| | | | 25  {:Acc+ 17.3 :Lbs- 3442.2 :Mpg+ 20.0}
| | | | 25  {:Acc+ 15.6 :Lbs- 3125.2 :Mpg+ 20.0}
| 199  
| | 99  
| | | 49  
| | | | 24  {:Acc+ 16.9 :Lbs- 2288.7 :Mpg+ 25.8}
| | | | 25  {:Acc+ 15.7 :Lbs- 2449.4 :Mpg+ 27.2}
| | | 50  
| | | | 25  {:Acc+ 16.5 :Lbs- 2110.2 :Mpg+ 27.2}
| | | | 25  {:Acc+ 17.6 :Lbs- 2501.5 :Mpg+ 32.0}
| | 100  
| | | 50  
| | | | 25  {:Acc+ 17.3 :Lbs- 2367.6 :Mpg+ 25.2}
| | | | 25  {:Acc+ 15.8 :Lbs- 2346.9 :Mpg+ 30.0}
| | | 50  
| | | | 25  {:Acc+ 15.7 :Lbs- 2368.0 :Mpg+ 30.8}
| | | | 25  {:Acc+ 16.5 :Lbs- 2178.1 :Mpg+ 33.2}
✅ pass: cluster
398  {:Acc+ 15.6 :Lbs- 2970.4 :Mpg+ 23.8}
| 199  
| | 99  
| | | 49  
| | | | 24  {:Acc+ 16.4 :Lbs- 2169.2 :Mpg+ 32.5}
✅ pass: optimize
